<?xml version="1.0" encoding="UTF-8"?>
<testng-results ignored="0" total="1" passed="1" failed="0" skipped="0">
  <reporter-output>
    <line>
      <![CDATA[hii]]>
    </line>
  </reporter-output>
  <suite started-at="2023-02-02T07:39:32 IST" name="Default suite" finished-at="2023-02-02T07:39:32 IST" duration-ms="54">
    <groups>
    </groups>
    <test started-at="2023-02-02T07:39:32 IST" name="Default test" finished-at="2023-02-02T07:39:32 IST" duration-ms="54">
      <class name="youTube.none">
        <test-method signature="f()[pri:0, instance:youTube.none@7c729a55]" started-at="2023-02-02T07:39:32 IST" name="f" finished-at="2023-02-02T07:39:32 IST" duration-ms="15" status="PASS">
          <reporter-output>
            <line>
              <![CDATA[hii]]>
            </line>
          </reporter-output>
        </test-method> <!-- f -->
      </class> <!-- youTube.none -->
    </test> <!-- Default test -->
  </suite> <!-- Default suite -->
</testng-results>
