<?xml version="1.0" encoding="UTF-8"?>
<testng-results ignored="0" total="1" passed="1" failed="0" skipped="0">
  <reporter-output>
    <line>
      <![CDATA[Successfully launch the youtube]]>
    </line>
  </reporter-output>
  <suite started-at="2023-01-31T12:42:28 IST" name="Default suite" finished-at="2023-01-31T12:42:48 IST" duration-ms="20629">
    <groups>
    </groups>
    <test started-at="2023-01-31T12:42:28 IST" name="Default test" finished-at="2023-01-31T12:42:48 IST" duration-ms="20629">
      <class name="youTube.TestClass">
        <test-method is-config="true" signature="stepsToLaunch()[pri:0, instance:youTube.TestClass@6379eb]" started-at="2023-01-31T12:42:28 IST" name="stepsToLaunch" finished-at="2023-01-31T12:42:41 IST" duration-ms="13025" status="PASS">
          <reporter-output>
          </reporter-output>
        </test-method> <!-- stepsToLaunch -->
        <test-method signature="f()[pri:0, instance:youTube.TestClass@6379eb]" started-at="2023-01-31T12:42:41 IST" name="f" finished-at="2023-01-31T12:42:41 IST" duration-ms="11" status="PASS">
          <reporter-output>
            <line>
              <![CDATA[Successfully launch the youtube]]>
            </line>
          </reporter-output>
        </test-method> <!-- f -->
        <test-method is-config="true" signature="CloseTheBrowser()[pri:0, instance:youTube.TestClass@6379eb]" started-at="2023-01-31T12:42:41 IST" name="CloseTheBrowser" finished-at="2023-01-31T12:42:48 IST" duration-ms="7524" status="PASS">
          <reporter-output>
          </reporter-output>
        </test-method> <!-- CloseTheBrowser -->
      </class> <!-- youTube.TestClass -->
    </test> <!-- Default test -->
  </suite> <!-- Default suite -->
</testng-results>
